[0.610s] Invoking command in '/root/vla_controller_ws/build/vla_controller': PYTHONPATH=/root/vla_controller_ws/build/vla_controller/prefix_override:/usr/lib/python3/dist-packages/colcon_core/task/python/colcon_distutils_commands:/root/vla_controller_ws/install/vla_controller/lib/python3.12/site-packages:${PYTHONPATH} /usr/bin/python3 -W ignore:setup.py install is deprecated -W ignore:easy_install command is deprecated setup.py develop --editable --build-directory /root/vla_controller_ws/build/vla_controller/build --no-deps symlink_data
[0.812s] running develop
[0.881s] running egg_info
[0.882s] creating vla_controller.egg-info
[0.888s] writing vla_controller.egg-info/PKG-INFO
[0.888s] writing dependency_links to vla_controller.egg-info/dependency_links.txt
[0.888s] writing entry points to vla_controller.egg-info/entry_points.txt
[0.889s] writing requirements to vla_controller.egg-info/requires.txt
[0.889s] writing top-level names to vla_controller.egg-info/top_level.txt
[0.889s] writing manifest file 'vla_controller.egg-info/SOURCES.txt'
[0.903s] reading manifest file 'vla_controller.egg-info/SOURCES.txt'
[0.903s] writing manifest file 'vla_controller.egg-info/SOURCES.txt'
[0.911s] running build_ext
[0.912s] Creating /root/vla_controller_ws/install/vla_controller/lib/python3.12/site-packages/vla-controller.egg-link (link to .)
[0.912s] Installing vla_controller_node script to /root/vla_controller_ws/install/vla_controller/lib/vla_controller
[0.912s] 
[0.912s] Installed /root/vla_controller_ws/build/vla_controller
[0.913s] running symlink_data
[0.913s] creating /root/vla_controller_ws/install/vla_controller/share/ament_index
[0.913s] creating /root/vla_controller_ws/install/vla_controller/share/ament_index/resource_index
[0.913s] creating /root/vla_controller_ws/install/vla_controller/share/ament_index/resource_index/packages
[0.913s] symbolically linking /root/vla_controller_ws/build/vla_controller/resource/vla_controller -> /root/vla_controller_ws/install/vla_controller/share/ament_index/resource_index/packages
[0.913s] symbolically linking /root/vla_controller_ws/build/vla_controller/package.xml -> /root/vla_controller_ws/install/vla_controller/share/vla_controller
[0.913s] creating /root/vla_controller_ws/install/vla_controller/share/vla_controller/launch
[0.913s] symbolically linking /root/vla_controller_ws/build/vla_controller/launch/vla_controller.launch.py -> /root/vla_controller_ws/install/vla_controller/share/vla_controller/launch
[0.963s] Invoked command in '/root/vla_controller_ws/build/vla_controller' returned '0': PYTHONPATH=/root/vla_controller_ws/build/vla_controller/prefix_override:/usr/lib/python3/dist-packages/colcon_core/task/python/colcon_distutils_commands:/root/vla_controller_ws/install/vla_controller/lib/python3.12/site-packages:${PYTHONPATH} /usr/bin/python3 -W ignore:setup.py install is deprecated -W ignore:easy_install command is deprecated setup.py develop --editable --build-directory /root/vla_controller_ws/build/vla_controller/build --no-deps symlink_data
